07/09/25 17:11:03 EST -0500 | ########## START ##########
07/09/25 17:11:03 EST -0500 | Processing: /data/ccre-dam-data
07/09/25 17:11:03 EST -0500 | On branch ccre-dam-data
07/09/25 17:11:03 EST -0500 | Your branch is up to date with 'origin/ccre-dam-data'.
07/09/25 17:11:03 EST -0500 | 
07/09/25 17:11:03 EST -0500 | nothing to commit, working tree clean
07/09/25 17:11:03 EST -0500 | Processing: /data/annie-logs
07/09/25 17:11:03 EST -0500 | [annie-logs 94cd010] Wed 2025-07-09 17:11:03 EST
07/09/25 17:11:03 EST -0500 |  6 files changed, 134 insertions(+)
07/09/25 17:11:03 EST -0500 |  create mode 100644 general.log
07/09/25 17:11:03 EST -0500 |  create mode 100644 git-push.log
07/09/25 17:11:03 EST -0500 |  create mode 100644 nebula-overlay-network.log
07/09/25 17:11:03 EST -0500 |  create mode 100644 reverse-ssh.log
07/09/25 17:11:03 EST -0500 |  create mode 100644 startup-notifier.log
07/09/25 17:11:03 EST -0500 |  create mode 100644 status-monitor.log
07/09/25 17:11:03 EST -0500 | Found unpushed commit(s).
07/09/25 17:11:05 EST -0500 | To github.com:FLARE-forecast/TEST-data.git
07/09/25 17:11:05 EST -0500 |    6e3354d..94cd010  94cd01097b367d3f4c77b3d092e38e1f84b85937 -> annie-logs
07/09/25 17:11:05 EST -0500 | Successfully pushed: 94cd01097b367d3f4c77b3d092e38e1f84b85937
07/09/25 17:11:05 EST -0500 | ##########  END  ##########
07/09/25 17:11:06 EST -0500 | ########## START ##########
07/09/25 17:11:06 EST -0500 | Processing: /data/ccre-dam-data
07/09/25 17:11:06 EST -0500 | On branch ccre-dam-data
07/09/25 17:11:06 EST -0500 | Your branch is up to date with 'origin/ccre-dam-data'.
